file : ../to_align/CAD2.fasta
67	sequences with genetic code	The_Standard_Code
compute initial pairwise distances
file : ../to_align/CAD1.fasta
133	sequences with genetic code	The_Standard_Code
compute initial pairwise distances
file : ../to_align/AATS.fasta
91	sequences with genetic code	The_Standard_Code
compute initial pairwise distances
file : ../to_align/EF1a.fasta
140	sequences with genetic code	The_Standard_Code
compute initial pairwise distances
..................................................................................................................................
compute first alignment with guide tree
+++.+..++++++++++.+++++++.+.+.++++++++++++.++++.+++++++++.+++.+++++++.+++.++++.+++++++.+.++++..+.+....+...+..+..+..+.+.+...+..+..+...+
first alignment score : 2637274.5

start refining the alignment
refine 2 cut : sum of pairs ========= 0 => 2637274.5
......................................
compute first alignment with guide tree
+++.++.+.+.+++..+++++..++++.+.++.++.+.++++..++++++..+.....+.+..++......+.+...........+....+...+.+......+..+...+..+......+...+...+........+..+..+....+........+...+.....+..................+...+.........+.........+.....+......+......................+
first alignment score : 1939752.0

start refining the alignment
refine 2 cut : sum of pairs ========= 0 => 1939752.0
............................................................
compute first alignment with guide tree
..++++.+++.++++++.++.++++.++.++.++++.+..++.++.++++..+++.++.+.++.+++.+.++.+++.+++..-+.+.+++.++.++.++.++++.+.+++.++.+++.+.++..++..+.+.++.+.++..+++.+.++.+..+..+.++..+.+..+.+........
compute first alignment with guide tree
++++.++++++++++.++++++++.++++++++++++.++++++++.++.++++++++++.+++++++.++++++.++++++.++++++..+++.+++++++.++++++.++++.+++.+++.+++.++++.++.++++.++++++.+....+..++.+++
first alignment score : 8478978.0

start refining the alignment
refine 2 cut : sum of pairs ========= 0 => 8478978.0
.+.........+....++..-..+.+..++.+..+......+....+...+.......+.....+..+.+...+....+.+.....+....+.+......+....+..+.+...+..+....+
refine 2 cut : sum of pairs ========= 1 => 2637472.2
.........+....+....+......+....+..-+...+...+.....+....+......+....+........+.........+..........+........+..........+.+....+......................................+...............+.................+
first alignment score : 5030098.5

start refining the alignment
refine 2 cut : sum of pairs ========= 0 => 5030098.5
...................................+..
The file '../to_align/AATS_NT.fasta' was created.
The file '../to_align/AATS_AA.fasta' was created.
PROGRAM HAS FINISHED SUCCESSFULLY
.................+..+.............+.......++..++++++.+.+...+..+.+.+..+........++.........+............................+.+.......+............+.+...............
refine 2 cut : sum of pairs ========= 1 => 1949814.8
+.......-......................................................+.........+.........................+.....+............................................+...+...+.+...+.+..+.+......+...---------...+......................+..........
The file '../to_align/CAD2_NT.fasta' was created.
The file '../to_align/CAD2_AA.fasta' was created.
PROGRAM HAS FINISHED SUCCESSFULLY
.........................................+......................+...............+.....++..+...+..............+................+.............+........+...................
refine 2 cut : sum of pairs ========= 1 => 8551466.0
....-...................................................................+....................................................................+.....................................................................................+..........................+...........................................+.................------..................+....+.---....-----+.........................
The file '../to_align/EF1a_NT.fasta' was created.
The file '../to_align/EF1a_AA.fasta' was created.
PROGRAM HAS FINISHED SUCCESSFULLY
.......................++...............+..............
refine 2 cut : sum of pairs ========= 1 => 5046305.5
.............................-.+...................................................................................+..........................+....................................................................+...........................................+........
refine 2 cut : sum of pairs ========= 2 => 5046889.0
+...................................................................................................................................................................................................................................................................+...
refine 2 cut : sum of pairs ========= 3 => 5047538.5
.............................-......................................................................................................................................................................................................................................---.
The file '../to_align/CAD1_NT.fasta' was created.
The file '../to_align/CAD1_AA.fasta' was created.
PROGRAM HAS FINISHED SUCCESSFULLY
