file : ../to_align_without_rogues/COI.fasta
485	sequences with genetic code	The_Invertebrate_Mitochondrial_Code
compute initial pairwise distances
.....................................................................................................................................................................................................................................................................................................................................................................................................................................................................................................
compute first alignment with guide tree
++++++++++++++++++++++++++++++++++++++++++++++++++++++++++++++++++++++++++++++++++++++++++++++++++++++++++++++++++++++++++++++++++++++++++++++++++++++++++++++++++++++++++++++++++++++++++++++++++++++++++++++++++++++++++++++++++++++++++++++++++++++++++++++++++++++++++++++++++++++++++++++++++++++++++++++++++++++++++++++++++++++++++++++++++++++++++++++++++++++++++++++++++++++++++++++++++++++++++++++++++++++++++++++++++++++++++++++++++++++++++++++++++++++++++++++++++++++++++++++++++++
first alignment score : 8.858552E7

start refining the alignment
refine 2 cut : sum of pairs ========= 0 => 8.858552E7
+................................................................................+..............................+....................................................+...........................+........................................+......................+..............................................+..+...............+.....+.....................+...................+.+..............................++..........+......+.........+..........................................+.......+............+...+.....+..................+.......................+........................................................++...+...+.....+.+...+..+.+...........+.......+........+..............+...+....................................+++..............................................................................................................................................................+.+..+..............+.....+..............................................................
refine 2 cut : sum of pairs ========= 1 => 8.8695344E7
.-..............................................................................................................................................................................................................................................................................................................+...............................................................................................+...........................................................................................................................................................................................................................................................................................................................................................................................................................................+.................+................................................................................................+........................
refine 2 cut : sum of pairs ========= 2 => 8.8697448E7
...............-.........................................................................................................................................................................................................................................................................................................................................................................................................................................................................................................................................................................................................................................................................................................................................................................................................................................................................................................................................................-----------------------...-....
The file '../to_align_without_rogues/COI_NT.fasta' was created.
The file '../to_align_without_rogues/COI_AA.fasta' was created.
PROGRAM HAS FINISHED SUCCESSFULLY
file : ../to_align_without_rogues/COI.fasta
483	sequences with genetic code	The_Invertebrate_Mitochondrial_Code
compute initial pairwise distances
.file : ../to_align_without_rogues/COI.fasta
483	sequences with genetic code	The_Invertebrate_Mitochondrial_Code
compute initial pairwise distances
...................................................................................................................................................................................................................................................................................................................................................................................................................................................................................................
compute first alignment with guide tree
++++++++++++++++++++++++++++++++++++++++++++++++++++++++++++++++++++++++++++++++++++++++++++++++++++++++++++++++++++++++++++++++++++++++++++++++++++++++++++++++++++++++++++++++++++++++++++++++++++++++++++++++++++++++++++++++++++++++++++++++++++++++++++++++++++++++++++++++++++++++++++++++++++++++++++++++++++++++++++++++++++++++++++++++++++++++++++++++++++++++++++++++++++++++++++++++++++++++++++++++++++++++++++++++++++++++++++++++++++++++++++++++++++++++++++++++++++++++++++++++++
first alignment score : 8.8207568E7

start refining the alignment
refine 2 cut : sum of pairs ========= 0 => 8.8207568E7
+......................................................................................................................................................................................+..........+.................................................+.....+.................................................+...+...............+....+......................+....................+.+..............................++...........+...+...........+.....+........+...........................+.......+......................................+.......+.+.....................+.........+.............+..........................++..+...+.....+.+.+......+...............+.........+......+............++.+....................................+++........+...........................................................................................................................+..+.........................................+....+..........+....................................................
refine 2 cut : sum of pairs ========= 1 => 8.8331632E7
....................-...........................................................................................................................................................................................................................................................................................+...............................................................................................+...............................................................................................................................+..............+.........................................................................................................................................................................................................................................................................................................................................................................................................+..........................
refine 2 cut : sum of pairs ========= 2 => 8.833368E7
....................-..............................................................................................................................................................................................................................................................................................................................................................................................................................................................................................................................................................................................................................................................................................................................................................................................................................................................................................................................................-------------------------...-....
The file '../to_align_without_rogues/COI_NT.fasta' was created.
The file '../to_align_without_rogues/COI_AA.fasta' was created.
PROGRAM HAS FINISHED SUCCESSFULLY
