Trimming aligned/18S_aligned.fasta
Coverage ranges kept: [(1736, 1770), (1773, 1783), (1785, 1786), (1788, 1840), (1843, 1846), (1849, 1850), (1852, 1854), (1857, 1857), (1860, 1861), (1863, 1905), (1917, 1918), (1920, 1925), (1930, 1933), (1935, 1937), (1939, 1939), (1952, 1952), (1964, 1965), (1976, 1979), (1998, 1998), (2004, 2026), (2035, 2036), (2039, 2042), (2049, 2052), (2059, 2060), (2064, 2064), (2070, 2074), (2086, 2088), (2098, 2101), (2110, 2110), (2113, 2113), (2115, 2119), (2131, 2131), (2134, 2148), (2150, 2150), (2160, 2162), (2164, 2168), (2174, 2178), (2188, 2194), (2201, 2214), (2227, 2228), (2230, 2248), (2250, 2363), (2365, 2370), (2372, 2385), (2387, 2389), (2391, 2451), (2453, 2536), (2538, 2562), (2564, 2608), (2610, 2616), (2619, 2637), (2642, 2644), (2649, 2649), (2652, 2657), (2661, 2667), (2680, 2680), (2694, 2695), (2702, 2707), (2719, 2723), (2736, 2738), (2744, 2745), (2765, 2770), (2775, 2776), (2807, 2807), (2853, 2853), (2856, 2856), (2884, 2885), (2911, 2912), (2914, 2914), (2916, 2917), (2958, 2962), (2972, 2973), (2978, 2980), (2992, 2992), (3002, 3003), (3039, 3039), (3042, 3042), (3051, 3052), (3057, 3060), (3062, 3070), (3074, 3075), (3077, 3078), (3093, 3094), (3125, 3125), (3134, 3140), (3197, 3197), (3201, 3201), (3209, 3209), (3246, 3248), (3260, 3260), (3362, 3364), (3366, 3366), (3370, 3372), (3420, 3421), (3423, 3424), (3447, 3448), (3490, 3490), (3493, 3495), (3512, 3515), (3525, 3527), (3530, 3530), (3553, 3554), (3557, 3557), (3568, 3569), (3574, 3581), (3583, 3585), (3587, 3587), (3590, 3597), (3601, 3608), (3610, 3610), (3612, 3614), (3618, 3618), (3620, 3622), (3632, 3633), (3636, 3637), (3643, 3649), (3653, 3653), (3655, 3656), (3658, 3660), (3662, 3662), (3664, 3670), (3672, 3689), (3691, 3691), (3694, 3713), (3715, 3717), (3731, 3731), (3734, 3736), (3738, 3767), (3769, 3778), (3780, 3789), (3804, 3809), (3818, 3834), (3842, 3847), (3849, 3849), (3851, 3852), (3889, 3892), (3894, 3896), (3915, 3920), (3924, 3929), (3956, 3956), (3958, 3958), (3960, 3961), (3967, 3968), (3971, 4014), (4016, 4029), (4031, 4046), (4048, 4187), (4190, 4190), (4192, 4194), (4197, 4198), (4200, 4213), (4215, 4217), (4219, 4288), (4290, 4357), (4359, 4481), (4483, 4483), (4485, 4513), (4516, 4517), (4521, 4530), (4533, 4537), (4539, 4539), (4550, 4551), (4553, 4554), (4556, 4560), (4564, 4566), (4584, 4584), (4586, 4586), (4591, 4591), (4607, 4607), (4641, 4643), (4655, 4657), (4668, 4668), (4676, 4679), (4682, 4683), (4689, 4689), (4692, 4692), (4711, 4718), (4727, 4729), (4743, 4745), (4750, 4753), (4761, 4763), (4768, 4768), (4785, 4788), (4794, 4794), (4796, 4798), (4816, 4817), (4819, 4819), (4821, 4821), (4823, 4842), (4844, 4846), (4855, 4861), (4865, 4867), (4870, 4870), (4872, 4880), (4882, 4884), (4890, 4891), (4920, 4925), (4928, 5043), (5045, 5047), (5055, 5095), (5142, 5142), (5189, 5223), (5229, 5247), (5253, 5284), (5294, 5317), (5320, 5341), (5344, 5358), (5361, 5361), (5384, 5386), (5395, 5422), (5432, 5449), (6338, 6359), (6361, 6485), (6491, 6494), (6496, 6504), (6508, 6508), (6512, 6512), (6516, 6516), (6519, 6519), (6521, 6522), (6526, 6532), (6536, 6538), (6540, 6541), (6543, 6601)]
Coverage ranges dropped: [(1719, 1770), (6543, 6630), (1708, 1714)]
Trimming aligned/28S_aligned.fasta
Coverage ranges kept: [(6963, 6966), (6968, 6971), (6973, 6973), (6975, 6979), (6981, 6981), (6983, 6985), (6988, 6988), (6990, 7010), (7012, 7014), (7016, 7018), (7020, 7035), (7038, 7049), (7051, 7052), (7054, 7059), (7061, 7085), (7088, 7111), (7113, 7114), (7119, 7122), (7124, 7124), (7126, 7142), (7144, 7146), (7148, 7149), (7155, 7155), (7160, 7311), (7313, 7315), (7317, 7320), (7323, 7323), (7325, 7325), (7329, 7329), (7336, 7338), (7340, 7353), (7355, 7356), (7358, 7364), (7366, 7367), (7373, 7380), (7385, 7385), (7389, 7392), (7396, 7396), (7398, 7399), (7409, 7409), (7411, 7411), (7413, 7413), (7415, 7417), (7419, 7420), (7434, 7434), (7437, 7437), (7441, 7441), (7445, 7445), (7447, 7448), (7506, 7507), (7530, 7531), (7535, 7535), (7548, 7549), (7553, 7554), (7565, 7567), (7569, 7571), (7573, 7573), (7575, 7575), (7577, 7577), (7579, 7579), (7583, 7583), (7587, 7602), (7604, 7606), (7608, 7608), (7610, 7611), (7615, 7620), (7624, 7640), (7648, 7648), (7660, 7663), (7687, 7688), (7695, 7695), (7701, 7707), (7720, 7722), (7727, 7727), (7729, 7730), (7732, 7733), (7737, 7740), (7748, 7748), (7771, 7771), (7777, 7782), (7785, 7785), (7794, 7794), (7821, 7821), (7827, 7828), (7842, 7842), (7847, 7850), (7860, 7861), (7878, 7879), (7881, 7886), (7889, 7890), (7894, 7895), (7904, 7905), (7909, 7911), (7913, 7913), (7918, 7921), (7923, 7924), (7927, 7930), (7935, 7940), (7947, 7949), (7982, 7982), (8005, 8007), (8010, 8012), (8017, 8021), (8043, 8045), (8047, 8047), (8051, 8051), (8054, 8060), (8067, 8068), (8073, 8077), (8084, 8085), (8093, 8097), (8100, 8100), (8103, 8104), (8106, 8109), (8116, 8117), (8122, 8123), (8126, 8127), (8139, 8140), (8149, 8149), (8157, 8159), (8171, 8172), (8183, 8183), (8191, 8191), (8194, 8194), (8198, 8200), (8214, 8215), (8218, 8219), (8226, 8228), (8248, 8250), (8268, 8272), (8274, 8274), (8278, 8283), (8285, 8292), (8294, 8294), (8304, 8304), (8309, 8309), (8317, 8317), (8326, 8326), (8330, 8332), (8342, 8345), (8355, 8355), (8357, 8357), (8361, 8362), (8364, 8369), (8375, 8375), (8377, 8377), (8381, 8382), (8386, 8389), (8393, 8394), (8397, 8397), (8400, 8400), (8404, 8404), (8410, 8411), (8424, 8427), (8436, 8437), (8446, 8446), (8449, 8455), (8463, 8466), (8471, 8471), (8476, 8476), (8479, 8479), (8491, 8491), (8495, 8495), (8513, 8514), (8516, 8516), (8518, 8519), (8540, 8542), (8545, 8546), (8550, 8553), (8564, 8564), (8570, 8570), (8581, 8582), (8585, 8586), (8588, 8588), (8594, 8594), (8613, 8613), (8620, 8622), (8633, 8634), (8650, 8650), (8656, 8659), (8664, 8667), (8671, 8672), (8682, 8684), (8690, 8690), (8704, 8704), (8710, 8713), (8730, 8734), (8746, 8746), (8753, 8758), (8763, 8774), (8777, 8782), (8784, 8851), (8856, 8856), (8882, 8882), (8889, 8891), (8893, 8903), (8906, 8910), (8915, 8920), (8924, 8927), (8931, 8932), (8940, 8940), (8975, 8984), (8990, 9003), (9009, 9011), (9021, 9021), (9028, 9031), (9035, 9038), (9060, 9063), (9070, 9070), (9072, 9076), (9080, 9084), (9126, 9131), (9141, 9143), (9149, 9152), (9167, 9173), (9191, 9200), (9203, 9203), (9246, 9246), (9255, 9257), (9261, 9261), (9270, 9271), (9274, 9280), (9282, 9283), (9289, 9290), (9297, 9298), (9308, 9308), (9312, 9312), (9314, 9315), (9322, 9325), (9329, 9330), (9333, 9333), (9355, 9355), (9361, 9362), (9377, 9378), (9391, 9391), (9400, 9400), (9405, 9405), (9408, 9408), (9412, 9414), (9421, 9421), (9433, 9434), (9438, 9440), (9456, 9457), (9459, 9468), (9470, 9470), (9474, 9474), (9476, 9476), (9486, 9486), (9491, 9491), (9493, 9495), (9497, 9503), (9521, 9521), (9525, 9525), (9531, 9531), (9544, 9545), (9547, 9547), (9550, 9550), (9552, 9553), (9558, 9560), (9566, 9566), (9570, 9570), (9572, 9576), (9586, 9591), (9593, 9600), (9602, 9605), (9617, 9641), (9658, 9764), (9766, 9803), (9811, 9851), (9853, 9861), (9865, 9865), (9867, 9868), (9870, 9870), (9872, 9876), (9880, 9910), (9913, 9934), (9936, 9984), (9988, 9989), (9991, 9997), (10004, 10006), (10014, 10014), (10020, 10023), (10027, 10030), (10032, 10045), (10061, 10080), (10083, 10129), (10140, 10157), (10162, 10174), (10179, 10191), (10193, 10223), (10225, 10244), (10252, 10360), (10369, 10371), (10373, 10373), (10383, 10383), (10388, 10389), (10391, 10391), (10402, 10402), (10407, 10407), (10420, 10420), (10446, 10448), (10456, 10456), (10465, 10466), (10485, 10485), (10495, 10495), (10497, 10498), (10504, 10507), (10513, 10517), (10519, 10521), (10523, 10524), (10538, 10539), (10555, 10556), (10559, 10568), (10571, 10618), (10620, 10704), (10804, 10859), (10861, 10863), (10873, 10880), (10887, 10895), (11045, 11048), (11054, 11055), (11080, 11080), (11093, 11104), (11115, 11115), (11118, 11120), (11125, 11126), (11141, 11141), (11159, 11167), (11179, 11182), (11185, 11187), (11265, 11265), (11268, 11268), (11273, 11276), (11422, 11428), (11431, 11432), (11435, 11435), (11439, 11491), (11493, 11493), (11519, 11519), (11536, 11536), (11541, 11544), (11574, 11579), (11582, 11585), (11591, 11592), (11595, 11597), (11601, 11611), (11614, 11630), (11632, 11650), (11654, 11654), (11674, 11727), (11736, 11819), (11822, 11860), (11862, 11897), (11899, 11924), (11926, 12001), (12003, 12003), (12005, 12026), (12041, 12050), (12060, 12076), (12078, 12079), (12082, 12082), (12089, 12090), (12104, 12106), (12117, 12118), (12131, 12132), (12143, 12143), (12145, 12147), (12153, 12155), (12158, 12160), (12166, 12166), (12169, 12170), (12180, 12180), (12193, 12193), (12203, 12203), (12224, 12226), (12229, 12230), (12233, 12263), (12265, 12266), (12268, 12281), (12287, 12292), (12306, 12306), (12308, 12317), (12325, 12326), (12350, 12351), (12362, 12367), (12402, 12409), (12417, 12431), (12450, 12455), (12457, 12458), (12467, 12501), (12503, 12542), (12544, 12558), (12560, 12573), (12575, 12583), (12585, 12600), (12602, 12613), (12615, 12661), (12663, 12678), (12680, 12709), (12711, 12867), (12871, 12871), (12874, 12876), (12879, 12879), (12884, 12884), (12889, 12889), (12911, 12912), (12917, 12917), (12924, 12924), (12936, 12940), (12945, 12947), (12952, 12953), (12955, 12957), (12959, 12960), (12963, 13028), (13030, 13030), (13058, 13058), (13062, 13062), (13064, 13069), (13083, 13094), (13097, 13097), (13114, 13115), (13119, 13119), (13122, 13122), (13135, 13135), (13172, 13173), (13176, 13176), (13194, 13194), (13196, 13203), (13206, 13212), (13215, 13237), (13242, 13252), (13254, 13277), (13279, 13290), (13297, 13297), (13299, 13310), (13319, 13319), (13323, 13323), (13365, 13365), (13368, 13368), (13393, 13394), (13407, 13407), (13413, 13416), (13446, 13446), (13458, 13465), (13491, 13491), (13498, 13498), (13547, 13547), (13561, 13561), (13564, 13564), (13573, 13573), (13581, 13585), (13588, 13589), (13604, 13605), (13612, 13613), (13638, 13642), (13656, 13659), (13669, 13681), (13690, 13699), (13709, 13710), (13729, 13729), (13735, 13735), (13737, 13742), (13746, 13754), (13792, 13865)]
Coverage ranges dropped: [(14542, 14545), (3304, 3333), (3421, 3436), (5876, 5876), (4768, 4861), (14619, 14624), (6299, 6332), (5814, 5827), (5651, 5656), (6469, 6481), (14491, 14493), (6096, 6098), (4895, 4919), (14559, 14563), (6026, 6094), (14530, 14530), (5742, 5752), (5101, 5106), (6491, 6495), (5640, 5649), (14762, 14846), (14471, 14471), (3387, 3418), (5770, 5780), (5155, 5183), (5423, 5425), (5063, 5097), (5347, 5371), (6800, 6838), (14601, 14601), (14403, 14421), (5917, 5917), (4740, 4751), (5528, 5547), (14729, 14744), (4753, 4766), (6630, 6649), (5264, 5284), (14606, 14609), (14640, 14641), (6283, 6285), (5785, 5800), (14507, 14514), (14547, 14550), (6598, 6626), (5286, 5305), (5911, 5912), (5764, 5768), (4588, 4646), (14597, 14599), (5755, 5759), (6397, 6455), (14613, 14616), (14486, 14487), (14664, 14664), (14539, 14540), (14595, 14595), (5664, 5667), (14687, 14687), (14718, 14720), (14680, 14681), (6210, 6213), (5109, 5112), (6504, 6522), (14577, 14582), (3442, 3453), (14652, 14658), (14453, 14458), (6675, 6742), (4648, 4704), (6011, 6024), (14460, 14463), (5903, 5908), (5949, 6003), (14497, 14500), (4921, 4923), (4955, 5010), (5226, 5226), (5838, 5870), (14746, 14759), (5048, 5058), (14429, 14429), (14727, 14727), (13792, 13994), (14567, 14573), (14584, 14589), (14636, 14636), (5470, 5470), (4866, 4873), (6565, 6567), (4706, 4738), (6746, 6779), (14689, 14690), (14648, 14649), (6537, 6559), (14425, 14427), (5147, 5148), (6532, 6535), (3246, 3258), (6191, 6196), (5185, 5223), (5583, 5614), (13996, 13996), (14232, 14380), (5435, 5468), (5720, 5738), (14449, 14451), (14666, 14666), (14611, 14611), (14481, 14483), (5941, 5944), (6100, 6117), (6841, 6966), (14627, 14628), (14707, 14712), (6122, 6175), (6340, 6342), (14229, 14230), (14575, 14575), (5319, 5332), (6233, 6234), (14432, 14446), (14011, 14218), (5342, 5345), (5693, 5704), (14703, 14705), (6789, 6793), (4931, 4945), (6357, 6379), (14467, 14467), (14476, 14479), (5308, 5316), (6344, 6354), (14670, 14674), (5114, 5130), (5830, 5834), (5919, 5933), (5382, 5402), (14555, 14555), (14382, 14383), (13998, 14009), (3335, 3385), (14692, 14697), (3515, 3526)]
aligned/28S_aligned.fasta
The following taxa were removed due to excess missing data:
Anastrepha_28585
_R_Aedes_7158
Ceratitis_7212
Chalarus_115250
_R_Culex_7174
Glossina_7393
Lucilia_7374
Philornis_253427
Sarcophaga_7384
Verrallia_115333
Trimming aligned/12S_16S_aligned.fasta
Coverage ranges kept: [(1875, 3594), (3596, 3596), (3605, 3605), (3607, 3610), (3612, 4851)]
Coverage ranges dropped: [(3612, 5374), (0, 3594)]
aligned/12S_16S_aligned.fasta
The following taxa were removed due to excess missing data:
Anticheta_1096047
Archytas_198637
Australofannia_27472
Billaea_701468
Bittacomorpha_79307
Brachypeza_2326774
Chaetopsis_240871
Chirosia_392044
Clitelloxenia_92530
Clogmia_85119
Compsobata_286452
Diasemopsis_139652
Dixa_79309
Eristalis_198633
Hesperinus_1086788
Kesselimyia_1445844
Machimus_247604
Micropeza_1572561
Pachyneura_1588165
Paraplatypeza_192442
Philornis_253427
Phronia_397119
Potamia_559704
Sarcophaga_7384
Scaptodrosophila_7354
Scatopse_1520324
Sciomyza_320936
Thaumalea_61068
Zaprionus_7296
Trimming aligned/AATS_aligned.fasta
Coverage ranges kept: [(27, 509), (512, 605), (609, 740)]
Coverage ranges dropped: [(609, 1256), (0, 509)]
Trimming aligned/CAD1_aligned.fasta
Coverage ranges kept: [(1079, 1088), (1091, 1181), (1282, 1304), (1306, 1373), (1375, 2027), (2029, 2507), (2510, 2933), (2936, 3058)]
Coverage ranges dropped: [(0, 1088), (3532, 3533), (2936, 3530)]
Trimming aligned/CAD2_aligned.fasta
Coverage ranges kept: [(39, 998), (1025, 1820)]
Coverage ranges dropped: [(0, 998), (1025, 1859)]
Trimming aligned/COI_aligned.fasta
Coverage ranges kept: [(169, 1669)]
Coverage ranges dropped: [(0, 2390)]
Trimming aligned/EF1a_aligned.fasta
Coverage ranges kept: [(388, 1136), (1139, 1250), (1253, 1301), (1303, 1523), (1525, 1733), (1735, 1751), (1754, 1820), (1823, 1903)]
Coverage ranges dropped: [(1823, 2237), (2397, 2397), (2399, 2400), (2240, 2380), (2402, 2403), (2412, 2438), (2440, 2441), (2, 1136), (2405, 2408)]
