file : ../to_align_without_rogues/CAD1.fasta
133	sequences with genetic code	The_Standard_Code
compute initial pairwise distances
file : ../to_align_without_rogues/CAD2.fasta
68	sequences with genetic code	The_Standard_Code
compute initial pairwise distances
file : ../to_align_without_rogues/AATS.fasta
91	sequences with genetic code	The_Standard_Code
compute initial pairwise distances
file : ../to_align_without_rogues/EF1a.fasta
141	sequences with genetic code	The_Standard_Code
compute initial pairwise distances
..................................................................................................................................
compute first alignment with guide tree
..++++++++++++++++.+..++++++++++.++++++.++++.+++++++++.++.+++++.++++++.++.+++++++++.+++.++++.+...+..+..+..+..+...+.+.+....+..+.+....+
first alignment score : 2637274.5

start refining the alignment
refine 2 cut : sum of pairs ========= 0 => 2637274.5
.......................................
compute first alignment with guide tree
...+++++..++++++..+++..+.++++..+.++++..+++++.++++.++++......+.+..+.....+..+..........+..+...+...+.+......+..+..+...+.....+...+........+.+...+...+.....+......+..+......+..............+...+.........+.........+.....+.......+.................+
first alignment score : 1992576.8

start refining the alignment
refine 2 cut : sum of pairs ========= 0 => 1992576.8
......................................................................................
compute first alignment with guide tree
.++..+++.+++.+.+++.++.+.-++..++.+++.++.+.+.++++.++.++.++++.+.+..+++.++.+.+.+.++.+..++.+.+++.++.+.+..+.+.++.+.+..+..++.+.+..+.....
compute first alignment with guide tree
+.++++++++++.+++++++++++.+++++++++++++..++++++++++++++.+++++++++++.+++++++++++.+++++++++.+++++.+++.++++++++++.+++++++.++++++++.++++++++++.+++++.++++.++++.++.+.++++++.++++.++++++++..+.....++.+.++.++......+.+..+..+
first alignment score : 8676466.0

start refining the alignment
refine 2 cut : sum of pairs ========= 0 => 8676466.0
.+.....+.+..-+..+..........+..+...+.........+....+...+....+..+.+.......+.......+..........+..+.+...+.....+
refine 2 cut : sum of pairs ========= 1 => 2637472.2
............+.+...+....+.......++.-........+....+....+..+.........+............+.+......+..............+..........+..........+......+....+...................................+....+..............+.............+
first alignment score : 5030098.5

start refining the alignment
refine 2 cut : sum of pairs ========= 0 => 5030098.5
...........................
The file '../to_align_without_rogues/AATS_NT.fasta' was created.
The file '../to_align_without_rogues/AATS_AA.fasta' was created.
PROGRAM HAS FINISHED SUCCESSFULLY
.+.+..............+......+..........++++.++...+.+.+..+.+..+...+.+....+......+...............+..........................+..+....+...................+..
refine 2 cut : sum of pairs ========= 1 => 2004234.8
.......-.......................................................+....+.......................+.........+..+...............+.......+......+.............................................................+..................
refine 2 cut : sum of pairs ========= 2 => 2004281.0
.+..+.-.+...+.............+........+..........+..........................................+...................................................+.........+..............................
refine 2 cut : sum of pairs ========= 3 => 2004282.0
.....-.........................................................+.................-------------------------------------------------------------------.
The file '../to_align_without_rogues/CAD2_NT.fasta' was created.
The file '../to_align_without_rogues/CAD2_AA.fasta' was created.
PROGRAM HAS FINISHED SUCCESSFULLY
.....+................+.......+.+.......+.....+......................+..+...............+................+.........+..+...+............
refine 2 cut : sum of pairs ========= 1 => 8713826.0
.-.......................+.........................+.........+....+....................................................................+.......................................................................+..........+...++...................+................................................+...........................+......+....+......+...............................+......+.............
refine 2 cut : sum of pairs ========= 2 => 8717953.0
...-.......................................................................................................+....+.....................................................................................................................................................+.------........................................---.........
The file '../to_align_without_rogues/EF1a_NT.fasta' was created.
The file '../to_align_without_rogues/EF1a_AA.fasta' was created.
PROGRAM HAS FINISHED SUCCESSFULLY
......
refine 2 cut : sum of pairs ========= 1 => 5046305.5
.............................-.+...................................................................................+..........................+....................................................................+...........................................+........
refine 2 cut : sum of pairs ========= 2 => 5046889.0
+...................................................................................................................................................................................................................................................................+...
refine 2 cut : sum of pairs ========= 3 => 5047538.5
.............................-......................................................................................................................................................................................................................................---.
The file '../to_align_without_rogues/CAD1_NT.fasta' was created.
The file '../to_align_without_rogues/CAD1_AA.fasta' was created.
PROGRAM HAS FINISHED SUCCESSFULLY
