Trimming aligned/12S_16S_aligned.fasta
Coverage ranges kept: [(858, 865), (867, 870), (872, 940), (945, 956), (958, 962), (964, 994), (1011, 1138), (1141, 1155), (1158, 1187), (1189, 1214), (1216, 1241), (1244, 1302), (1304, 1310), (1343, 1345), (1352, 1364), (1366, 1378), (1380, 1394), (1396, 1405), (1408, 1421), (1430, 1440), (1451, 1494), (1500, 1508), (1515, 1542), (1544, 1561), (1563, 1564), (1566, 1598), (1601, 1611), (1615, 1628), (1631, 1658), (1661, 1705), (1708, 1762), (1765, 1780), (1782, 1805), (1842, 1861), (1904, 1950), (1973, 2035), (2037, 2037), (2055, 2067), (2094, 2105), (2107, 2108), (2128, 2147), (2157, 2175), (2197, 2229), (2238, 2256), (2262, 2265), (2270, 2279), (2320, 2335), (2343, 2348), (2350, 2359), (2363, 2364), (2366, 2367), (2372, 2376), (2378, 2386), (2405, 2412), (2414, 2431), (2433, 2436), (2444, 2458), (2460, 2460), (2465, 2484), (2632, 2663), (2677, 2693), (2802, 2841), (2862, 2893), (2898, 2956), (2960, 2980), (2986, 3056), (3058, 3199)]
Coverage ranges dropped: [(621, 673), (792, 817), (4057, 4065), (819, 841), (3415, 3475), (410, 501), (2, 2), (164, 247), (503, 552), (3530, 3620), (570, 618), (3279, 3315), (843, 865), (5680, 5680), (314, 408), (750, 789), (3370, 3372), (3625, 3668), (3674, 3740), (3379, 3411), (3256, 3270), (276, 292), (715, 739), (249, 250), (3807, 3848), (3226, 3253), (3058, 3205), (3330, 3368), (3481, 3528), (127, 138), (295, 311), (254, 273), (554, 568), (3207, 3218), (3899, 3903), (3746, 3801), (110, 121)]
Trimming aligned/18S_aligned.fasta
Coverage ranges kept: [(946, 982), (985, 997), (999, 1051), (1053, 1057), (1059, 1105), (1110, 1119), (1125, 1137), (1140, 1169), (1172, 1199), (1201, 1214), (1217, 1220), (1222, 1223), (1225, 1225), (1233, 1390), (1392, 1397), (1399, 1412), (1414, 1416), (1418, 1478), (1480, 1563), (1565, 1589), (1591, 1661), (1668, 1676), (1678, 1678), (1680, 1683), (1685, 1689), (1691, 1698), (1701, 1710), (1715, 1732), (1741, 1762), (1772, 1783), (1787, 1791), (1793, 1795), (1809, 1818), (1824, 1839), (1843, 1856), (1858, 1860), (1869, 1877), (1879, 1898), (1936, 1943), (1947, 1950), (1954, 1968), (1973, 1981), (2019, 2027), (2029, 2045), (2056, 2077), (2080, 2080), (2105, 2112), (2116, 2127), (2129, 2137), (2141, 2143), (2145, 2154), (2158, 2165), (2171, 2190), (2192, 2210), (2213, 2232), (2234, 2269), (2271, 2280), (2282, 2305), (2310, 2318), (2328, 2339), (2346, 2360), (2362, 2367), (2370, 2427), (2429, 2444), (2446, 2585), (2587, 2678), (2680, 2747), (2749, 2896), (2901, 2904), (2906, 2937), (2939, 2962), (2976, 2984), (2986, 2992), (2998, 3033), (3040, 3090), (3113, 3122), (3124, 3129), (3136, 3158), (3160, 3254), (3260, 3330), (3332, 3465), (3469, 3477), (3479, 3480), (3483, 3493), (3495, 3512), (3514, 3540), (3547, 3564)]
Coverage ranges dropped: [(3547, 3592), (924, 982), (0, 0)]
Trimming aligned/28S_aligned.fasta
Coverage ranges kept: [(48912, 48955), (49145, 49168), (49648, 49707), (49709, 49723), (49726, 49727), (49876, 49886), (49893, 49919), (49922, 49937), (49993, 50007), (50009, 50087), (50117, 50250), (50253, 50266), (50281, 50289), (50291, 50298), (50302, 50306), (50314, 50322), (50324, 50354), (50356, 50496), (50498, 50520), (50527, 50554), (50558, 50587), (50594, 50608), (50613, 50614), (50616, 50655), (50669, 50680), (50682, 50703), (55276, 55286), (57039, 57066), (60529, 60538), (69007, 69041), (74910, 74974), (74985, 75006), (75008, 75022), (75024, 75052), (75064, 75073), (75075, 75082), (75215, 75223), (75226, 75231), (75265, 75273), (75276, 75294), (75307, 75331), (75497, 75507), (75530, 75546), (75548, 75568), (75582, 75599), (75611, 75618), (75651, 75656), (75659, 75671), (75673, 75760), (75765, 75765), (75767, 75823), (75825, 75843), (75845, 75845), (75851, 75855), (75871, 75892), (75896, 75896), (75943, 75957), (75959, 75976), (75978, 76013), (76015, 76037), (76049, 76078), (76091, 76101), (76110, 76126), (76128, 76131), (76137, 76148), (76164, 76180), (76189, 76206), (76210, 76226), (76235, 76271), (76295, 76310), (76318, 76333), (76335, 76335), (76339, 76363), (76368, 76388), (76406, 76428), (76459, 76469), (76471, 76477), (76496, 76504), (76510, 76510), (76513, 76523), (76530, 76554), (76563, 76591), (76593, 76606), (76614, 76633), (76638, 76641), (76643, 76668), (76676, 76729), (76736, 76755), (76761, 76825), (76828, 76834), (76843, 76866), (76868, 76873), (76900, 76915), (76917, 76935), (76937, 76946), (76948, 76955), (76957, 76996), (77020, 77044), (77051, 77057), (77059, 77077), (77096, 77122), (77134, 77144), (77158, 77159), (77163, 77163), (77165, 77217), (77224, 77247), (77290, 77316), (77344, 77369), (77376, 77405), (77422, 77438), (77440, 77463), (77555, 77574), (77590, 77599), (77601, 77610), (77626, 77651), (77659, 77661), (77664, 77729), (77731, 77747), (77756, 77787), (77789, 77804), (77813, 77819), (77823, 77846), (77848, 77856), (77858, 77887), (77892, 77916), (77922, 77941), (77950, 77951), (77954, 77973), (77983, 77991), (78008, 78031), (78159, 78192), (78300, 78367), (78369, 78416), (78420, 78430), (78433, 78541), (78543, 78580), (78582, 78712), (78806, 78817), (78905, 78929), (79098, 79135), (79142, 79208), (79213, 79218), (79240, 79270), (79281, 79292)]
Coverage ranges dropped: [(80930, 80951), (79570, 79578), (80185, 80235), (80628, 80640), (45736, 45755), (47984, 48069), (80565, 80584), (17194, 17205), (47850, 47873), (80328, 80339), (80117, 80171), (80261, 80285), (80722, 80888), (80083, 80114), (17676, 17733), (17455, 17469), (80045, 80063), (17548, 17581), (17897, 17945), (48800, 48893), (80076, 80081), (80653, 80663), (79770, 79785), (17220, 17376), (79451, 79461), (18328, 18342), (80586, 80600), (48452, 48457), (80443, 80487), (17757, 17788), (47805, 47840), (80671, 80720), (79927, 79957), (47879, 47896), (48073, 48204), (17791, 17871), (47935, 47980), (48419, 48429), (48575, 48576), (17116, 17135), (16976, 17076), (80957, 80976), (17474, 17542), (79426, 79431), (79380, 79397), (1, 2), (79281, 79324), (17640, 17669), (47908, 47926), (79855, 79864), (79658, 79686), (17378, 17406), (48226, 48235), (17078, 17114), (17736, 17752), (17210, 17218), (79331, 79358), (48370, 48417), (48559, 48573), (17586, 17636), (48676, 48789), (36266, 36282), (79401, 79422), (17169, 17192), (79976, 79986), (17137, 17166), (48434, 48447), (80297, 80310), (48895, 48955), (48463, 48501), (48503, 48543), (48605, 48667), (17408, 17440), (79698, 79730), (48239, 48259), (79801, 79840)]
aligned/28S_aligned.fasta
The following taxa were removed due to excess missing data:
Apocephalus_117252
Bradysia_35571
Mallophora_270862
Mycetophila_397146
Trimming aligned/AATS_aligned.fasta
Coverage ranges kept: [(27, 607), (610, 742)]
Coverage ranges dropped: [(610, 1258), (0, 607)]
Trimming aligned/CAD1_aligned.fasta
Coverage ranges kept: [(1087, 1158), (1253, 2466), (2468, 3042)]
Coverage ranges dropped: [(2468, 3563), (0, 1158)]
Trimming aligned/CAD2_aligned.fasta
Coverage ranges kept: [(39, 906), (936, 1801)]
Coverage ranges dropped: [(936, 1840), (0, 906)]
Trimming aligned/COI_aligned.fasta
Coverage ranges kept: [(169, 1662)]
Coverage ranges dropped: [(0, 2386)]
Trimming aligned/EF1a_aligned.fasta
Coverage ranges kept: [(338, 1762)]
Coverage ranges dropped: [(2246, 2247), (2244, 2244), (2249, 2250), (2259, 2287), (0, 2227), (2252, 2255)]
